[2025-05-16T05:49:37.105+0000] {manager.py:487} INFO - Processing files using up to 2 processes at a time 
[2025-05-16T05:49:37.106+0000] {manager.py:488} INFO - Process each file at most once every 30 seconds
[2025-05-16T05:49:37.106+0000] {manager.py:489} INFO - Checking for new files in /opt/airflow/dags every 300 seconds
[2025-05-16T05:49:37.106+0000] {manager.py:759} INFO - Searching for files in /opt/airflow/dags
[2025-05-16T05:49:37.109+0000] {manager.py:762} INFO - There are 1 files in /opt/airflow/dags
[2025-05-16T05:49:37.139+0000] {manager.py:893} INFO - 
================================================================================
DAG File Processing Stats

File Path                                  PID  Runtime      # DAGs    # Errors  Last Runtime    Last Run
---------------------------------------  -----  ---------  --------  ----------  --------------  ----------
/opt/airflow/dags/model_training_dag.py    169  0.01s             0           0
================================================================================
[2025-05-16T05:49:48.019+0000] {manager.py:469} INFO - Exiting gracefully upon receiving signal 15
[2025-05-16T05:49:50.767+0000] {manager.py:487} INFO - Processing files using up to 2 processes at a time 
[2025-05-16T05:49:50.768+0000] {manager.py:488} INFO - Process each file at most once every 30 seconds
[2025-05-16T05:49:50.768+0000] {manager.py:489} INFO - Checking for new files in /opt/airflow/dags every 300 seconds
[2025-05-16T05:49:50.771+0000] {manager.py:759} INFO - Searching for files in /opt/airflow/dags
[2025-05-16T05:49:50.774+0000] {manager.py:762} INFO - There are 1 files in /opt/airflow/dags
[2025-05-16T05:49:50.800+0000] {manager.py:893} INFO - 
================================================================================
DAG File Processing Stats

File Path                                  PID  Runtime      # DAGs    # Errors  Last Runtime    Last Run
---------------------------------------  -----  ---------  --------  ----------  --------------  ----------
/opt/airflow/dags/model_training_dag.py    169  0.01s             0           0
================================================================================
[2025-05-16T05:50:21.054+0000] {manager.py:893} INFO - 
================================================================================
DAG File Processing Stats

File Path                                  PID  Runtime      # DAGs    # Errors  Last Runtime    Last Run
---------------------------------------  -----  ---------  --------  ----------  --------------  -------------------
/opt/airflow/dags/model_training_dag.py    174  0.00s             0           1  0.02s           2025-05-16T05:49:50
================================================================================
[2025-05-16T05:50:51.327+0000] {manager.py:893} INFO - 
================================================================================
DAG File Processing Stats

File Path                                  PID  Runtime      # DAGs    # Errors  Last Runtime    Last Run
---------------------------------------  -----  ---------  --------  ----------  --------------  -------------------
/opt/airflow/dags/model_training_dag.py    179  0.01s             0           1  0.03s           2025-05-16T05:50:21
================================================================================
[2025-05-16T05:51:21.627+0000] {manager.py:893} INFO - 
================================================================================
DAG File Processing Stats

File Path                                  PID  Runtime      # DAGs    # Errors  Last Runtime    Last Run
---------------------------------------  -----  ---------  --------  ----------  --------------  -------------------
/opt/airflow/dags/model_training_dag.py    184  0.01s             0           1  0.04s           2025-05-16T05:50:51
================================================================================
[2025-05-16T05:51:51.919+0000] {manager.py:893} INFO - 
================================================================================
DAG File Processing Stats

File Path                                  PID  Runtime      # DAGs    # Errors  Last Runtime    Last Run
---------------------------------------  -----  ---------  --------  ----------  --------------  -------------------
/opt/airflow/dags/model_training_dag.py    189  0.01s             0           1  0.04s           2025-05-16T05:51:21
================================================================================
[2025-05-16T05:52:22.220+0000] {manager.py:893} INFO - 
================================================================================
DAG File Processing Stats

File Path                                  PID  Runtime      # DAGs    # Errors  Last Runtime    Last Run
---------------------------------------  -----  ---------  --------  ----------  --------------  -------------------
/opt/airflow/dags/model_training_dag.py    194  0.01s             0           1  0.04s           2025-05-16T05:51:51
================================================================================
[2025-05-16T05:52:52.503+0000] {manager.py:893} INFO - 
================================================================================
DAG File Processing Stats

File Path                                  PID  Runtime      # DAGs    # Errors  Last Runtime    Last Run
---------------------------------------  -----  ---------  --------  ----------  --------------  -------------------
/opt/airflow/dags/model_training_dag.py    199  0.01s             0           1  0.05s           2025-05-16T05:52:22
================================================================================
[2025-05-16T05:53:22.814+0000] {manager.py:893} INFO - 
================================================================================
DAG File Processing Stats

File Path                                  PID  Runtime      # DAGs    # Errors  Last Runtime    Last Run
---------------------------------------  -----  ---------  --------  ----------  --------------  -------------------
/opt/airflow/dags/model_training_dag.py    204  0.01s             0           1  0.05s           2025-05-16T05:52:52
================================================================================
[2025-05-16T05:53:53.112+0000] {manager.py:893} INFO - 
================================================================================
DAG File Processing Stats

File Path                                  PID  Runtime      # DAGs    # Errors  Last Runtime    Last Run
---------------------------------------  -----  ---------  --------  ----------  --------------  -------------------
/opt/airflow/dags/model_training_dag.py    209  0.01s             0           1  0.05s           2025-05-16T05:53:22
================================================================================
[2025-05-16T05:54:23.400+0000] {manager.py:893} INFO - 
================================================================================
DAG File Processing Stats

File Path                                  PID  Runtime      # DAGs    # Errors  Last Runtime    Last Run
---------------------------------------  -----  ---------  --------  ----------  --------------  -------------------
/opt/airflow/dags/model_training_dag.py    214  0.00s             0           1  0.04s           2025-05-16T05:53:53
================================================================================
[2025-05-16T05:54:32.202+0000] {manager.py:469} INFO - Exiting gracefully upon receiving signal 15
[2025-05-16T05:54:34.692+0000] {manager.py:487} INFO - Processing files using up to 2 processes at a time 
[2025-05-16T05:54:34.692+0000] {manager.py:488} INFO - Process each file at most once every 30 seconds
[2025-05-16T05:54:34.692+0000] {manager.py:489} INFO - Checking for new files in /opt/airflow/dags every 300 seconds
[2025-05-16T05:54:34.692+0000] {manager.py:759} INFO - Searching for files in /opt/airflow/dags
[2025-05-16T05:54:34.693+0000] {manager.py:762} INFO - There are 1 files in /opt/airflow/dags
[2025-05-16T05:54:34.718+0000] {manager.py:893} INFO - 
================================================================================
DAG File Processing Stats

File Path                                  PID  Runtime      # DAGs    # Errors  Last Runtime    Last Run
---------------------------------------  -----  ---------  --------  ----------  --------------  ----------
/opt/airflow/dags/model_training_dag.py    169  0.01s             0           0
================================================================================
[2025-05-16T05:55:04.956+0000] {manager.py:893} INFO - 
================================================================================
DAG File Processing Stats

File Path                                  PID  Runtime      # DAGs    # Errors  Last Runtime    Last Run
---------------------------------------  -----  ---------  --------  ----------  --------------  -------------------
/opt/airflow/dags/model_training_dag.py    174  0.00s             0           1  0.02s           2025-05-16T05:54:34
================================================================================
[2025-05-16T05:55:35.263+0000] {manager.py:893} INFO - 
================================================================================
DAG File Processing Stats

File Path                                  PID  Runtime      # DAGs    # Errors  Last Runtime    Last Run
---------------------------------------  -----  ---------  --------  ----------  --------------  -------------------
/opt/airflow/dags/model_training_dag.py    179  0.01s             0           1  0.04s           2025-05-16T05:55:04
================================================================================
[2025-05-16T05:56:05.566+0000] {manager.py:893} INFO - 
================================================================================
DAG File Processing Stats

File Path                                  PID  Runtime      # DAGs    # Errors  Last Runtime    Last Run
---------------------------------------  -----  ---------  --------  ----------  --------------  -------------------
/opt/airflow/dags/model_training_dag.py    184  0.01s             0           1  0.04s           2025-05-16T05:55:35
================================================================================
[2025-05-16T05:56:35.896+0000] {manager.py:893} INFO - 
================================================================================
DAG File Processing Stats

File Path                                  PID  Runtime      # DAGs    # Errors  Last Runtime    Last Run
---------------------------------------  -----  ---------  --------  ----------  --------------  -------------------
/opt/airflow/dags/model_training_dag.py    189  0.01s             0           1  0.04s           2025-05-16T05:56:05
================================================================================
[2025-05-16T05:57:06.220+0000] {manager.py:893} INFO - 
================================================================================
DAG File Processing Stats

File Path                                  PID  Runtime      # DAGs    # Errors  Last Runtime    Last Run
---------------------------------------  -----  ---------  --------  ----------  --------------  -------------------
/opt/airflow/dags/model_training_dag.py    194  0.01s             0           1  0.04s           2025-05-16T05:56:35
================================================================================
[2025-05-16T05:57:36.519+0000] {manager.py:893} INFO - 
================================================================================
DAG File Processing Stats

File Path                                  PID  Runtime      # DAGs    # Errors  Last Runtime    Last Run
---------------------------------------  -----  ---------  --------  ----------  --------------  -------------------
/opt/airflow/dags/model_training_dag.py    199  0.01s             0           1  0.04s           2025-05-16T05:57:06
================================================================================
[2025-05-16T05:58:06.833+0000] {manager.py:893} INFO - 
================================================================================
DAG File Processing Stats

File Path                                  PID  Runtime      # DAGs    # Errors  Last Runtime    Last Run
---------------------------------------  -----  ---------  --------  ----------  --------------  -------------------
/opt/airflow/dags/model_training_dag.py    204  0.01s             0           1  0.04s           2025-05-16T05:57:36
================================================================================
[2025-05-16T05:58:37.124+0000] {manager.py:893} INFO - 
================================================================================
DAG File Processing Stats

File Path                                  PID  Runtime      # DAGs    # Errors  Last Runtime    Last Run
---------------------------------------  -----  ---------  --------  ----------  --------------  -------------------
/opt/airflow/dags/model_training_dag.py    209  0.01s             0           1  0.05s           2025-05-16T05:58:06
================================================================================
[2025-05-16T05:59:07.411+0000] {manager.py:893} INFO - 
================================================================================
DAG File Processing Stats

File Path                                  PID  Runtime      # DAGs    # Errors  Last Runtime    Last Run
---------------------------------------  -----  ---------  --------  ----------  --------------  -------------------
/opt/airflow/dags/model_training_dag.py    214  0.01s             0           1  0.04s           2025-05-16T05:58:37
================================================================================
[2025-05-16T05:59:35.701+0000] {manager.py:759} INFO - Searching for files in /opt/airflow/dags
[2025-05-16T05:59:35.706+0000] {manager.py:762} INFO - There are 1 files in /opt/airflow/dags
[2025-05-16T05:59:37.741+0000] {manager.py:893} INFO - 
================================================================================
DAG File Processing Stats

File Path                                PID    Runtime      # DAGs    # Errors  Last Runtime    Last Run
---------------------------------------  -----  ---------  --------  ----------  --------------  -------------------
/opt/airflow/dags/model_training_dag.py                           0           1  0.04s           2025-05-16T05:59:09
================================================================================
[2025-05-16T05:59:54.740+0000] {manager.py:469} INFO - Exiting gracefully upon receiving signal 15
[2025-05-16T05:59:57.259+0000] {manager.py:487} INFO - Processing files using up to 2 processes at a time 
[2025-05-16T05:59:57.259+0000] {manager.py:488} INFO - Process each file at most once every 30 seconds
[2025-05-16T05:59:57.259+0000] {manager.py:489} INFO - Checking for new files in /opt/airflow/dags every 300 seconds
[2025-05-16T05:59:57.259+0000] {manager.py:759} INFO - Searching for files in /opt/airflow/dags
[2025-05-16T05:59:57.261+0000] {manager.py:762} INFO - There are 1 files in /opt/airflow/dags
[2025-05-16T05:59:57.300+0000] {manager.py:893} INFO - 
================================================================================
DAG File Processing Stats

File Path                                  PID  Runtime      # DAGs    # Errors  Last Runtime    Last Run
---------------------------------------  -----  ---------  --------  ----------  --------------  ----------
/opt/airflow/dags/model_training_dag.py    169  0.02s             0           0
================================================================================
[2025-05-16T06:00:27.584+0000] {manager.py:893} INFO - 
================================================================================
DAG File Processing Stats

File Path                                  PID  Runtime      # DAGs    # Errors  Last Runtime    Last Run
---------------------------------------  -----  ---------  --------  ----------  --------------  -------------------
/opt/airflow/dags/model_training_dag.py    174  0.01s             0           1  0.03s           2025-05-16T05:59:57
================================================================================
[2025-05-16T06:00:57.883+0000] {manager.py:893} INFO - 
================================================================================
DAG File Processing Stats

File Path                                  PID  Runtime      # DAGs    # Errors  Last Runtime    Last Run
---------------------------------------  -----  ---------  --------  ----------  --------------  -------------------
/opt/airflow/dags/model_training_dag.py    179  0.01s             0           1  0.05s           2025-05-16T06:00:27
================================================================================
[2025-05-16T06:01:28.239+0000] {manager.py:893} INFO - 
================================================================================
DAG File Processing Stats

File Path                                PID    Runtime      # DAGs    # Errors  Last Runtime    Last Run
---------------------------------------  -----  ---------  --------  ----------  --------------  -------------------
/opt/airflow/dags/model_training_dag.py                           0           1  0.05s           2025-05-16T06:01:20
================================================================================
[2025-05-16T06:01:41.389+0000] {manager.py:469} INFO - Exiting gracefully upon receiving signal 15
[2025-05-16T06:01:43.880+0000] {manager.py:487} INFO - Processing files using up to 2 processes at a time 
[2025-05-16T06:01:43.882+0000] {manager.py:488} INFO - Process each file at most once every 30 seconds
[2025-05-16T06:01:43.882+0000] {manager.py:489} INFO - Checking for new files in /opt/airflow/dags every 300 seconds
[2025-05-16T06:01:43.882+0000] {manager.py:759} INFO - Searching for files in /opt/airflow/dags
[2025-05-16T06:01:43.884+0000] {manager.py:762} INFO - There are 1 files in /opt/airflow/dags
[2025-05-16T06:01:43.909+0000] {manager.py:893} INFO - 
================================================================================
DAG File Processing Stats

File Path                                  PID  Runtime      # DAGs    # Errors  Last Runtime    Last Run
---------------------------------------  -----  ---------  --------  ----------  --------------  ----------
/opt/airflow/dags/model_training_dag.py    169  0.01s             0           0
================================================================================
[2025-05-16T06:02:14.170+0000] {manager.py:893} INFO - 
================================================================================
DAG File Processing Stats

File Path                                PID    Runtime      # DAGs    # Errors  Last Runtime    Last Run
---------------------------------------  -----  ---------  --------  ----------  --------------  -------------------
/opt/airflow/dags/model_training_dag.py                           0           1  0.05s           2025-05-16T06:02:01
================================================================================
[2025-05-16T06:02:44.442+0000] {manager.py:893} INFO - 
================================================================================
DAG File Processing Stats

File Path                                PID    Runtime      # DAGs    # Errors  Last Runtime    Last Run
---------------------------------------  -----  ---------  --------  ----------  --------------  -------------------
/opt/airflow/dags/model_training_dag.py                           0           1  0.04s           2025-05-16T06:02:31
================================================================================
[2025-05-16T06:03:11.601+0000] {manager.py:469} INFO - Exiting gracefully upon receiving signal 15
[2025-05-16T06:03:13.934+0000] {manager.py:487} INFO - Processing files using up to 2 processes at a time 
[2025-05-16T06:03:13.935+0000] {manager.py:488} INFO - Process each file at most once every 30 seconds
[2025-05-16T06:03:13.935+0000] {manager.py:489} INFO - Checking for new files in /opt/airflow/dags every 300 seconds
[2025-05-16T06:03:13.935+0000] {manager.py:759} INFO - Searching for files in /opt/airflow/dags
[2025-05-16T06:03:13.936+0000] {manager.py:762} INFO - There are 1 files in /opt/airflow/dags
[2025-05-16T06:03:13.960+0000] {manager.py:893} INFO - 
================================================================================
DAG File Processing Stats

File Path                                  PID  Runtime      # DAGs    # Errors  Last Runtime    Last Run
---------------------------------------  -----  ---------  --------  ----------  --------------  ----------
/opt/airflow/dags/model_training_dag.py    169  0.01s             0           0
================================================================================
[2025-05-16T06:03:44.173+0000] {manager.py:893} INFO - 
================================================================================
DAG File Processing Stats

File Path                                  PID  Runtime      # DAGs    # Errors  Last Runtime    Last Run
---------------------------------------  -----  ---------  --------  ----------  --------------  -------------------
/opt/airflow/dags/model_training_dag.py    174  0.00s             0           1  0.02s           2025-05-16T06:03:13
================================================================================
[2025-05-16T06:04:14.436+0000] {manager.py:893} INFO - 
================================================================================
DAG File Processing Stats

File Path                                  PID  Runtime      # DAGs    # Errors  Last Runtime    Last Run
---------------------------------------  -----  ---------  --------  ----------  --------------  -------------------
/opt/airflow/dags/model_training_dag.py    179  0.00s             0           1  0.03s           2025-05-16T06:03:44
================================================================================
[2025-05-16T06:04:44.694+0000] {manager.py:893} INFO - 
================================================================================
DAG File Processing Stats

File Path                                  PID  Runtime      # DAGs    # Errors  Last Runtime    Last Run
---------------------------------------  -----  ---------  --------  ----------  --------------  -------------------
/opt/airflow/dags/model_training_dag.py    184  0.00s             0           1  0.03s           2025-05-16T06:04:14
================================================================================
[2025-05-16T06:05:14.976+0000] {manager.py:893} INFO - 
================================================================================
DAG File Processing Stats

File Path                                  PID  Runtime      # DAGs    # Errors  Last Runtime    Last Run
---------------------------------------  -----  ---------  --------  ----------  --------------  -------------------
/opt/airflow/dags/model_training_dag.py    189  0.00s             0           1  0.04s           2025-05-16T06:04:44
================================================================================
[2025-05-16T06:05:45.255+0000] {manager.py:893} INFO - 
================================================================================
DAG File Processing Stats

File Path                                  PID  Runtime      # DAGs    # Errors  Last Runtime    Last Run
---------------------------------------  -----  ---------  --------  ----------  --------------  -------------------
/opt/airflow/dags/model_training_dag.py    194  0.01s             0           1  0.02s           2025-05-16T06:05:14
================================================================================
[2025-05-16T06:06:15.547+0000] {manager.py:893} INFO - 
================================================================================
DAG File Processing Stats

File Path                                  PID  Runtime      # DAGs    # Errors  Last Runtime    Last Run
---------------------------------------  -----  ---------  --------  ----------  --------------  -------------------
/opt/airflow/dags/model_training_dag.py    199  0.00s             0           1  0.04s           2025-05-16T06:05:45
================================================================================
[2025-05-16T06:06:45.850+0000] {manager.py:893} INFO - 
================================================================================
DAG File Processing Stats

File Path                                  PID  Runtime      # DAGs    # Errors  Last Runtime    Last Run
---------------------------------------  -----  ---------  --------  ----------  --------------  -------------------
/opt/airflow/dags/model_training_dag.py    204  0.01s             0           1  0.02s           2025-05-16T06:06:15
================================================================================
[2025-05-16T06:07:16.170+0000] {manager.py:893} INFO - 
================================================================================
DAG File Processing Stats

File Path                                  PID  Runtime      # DAGs    # Errors  Last Runtime    Last Run
---------------------------------------  -----  ---------  --------  ----------  --------------  -------------------
/opt/airflow/dags/model_training_dag.py    209  0.01s             0           1  0.04s           2025-05-16T06:06:45
================================================================================
[2025-05-16T06:07:46.462+0000] {manager.py:893} INFO - 
================================================================================
DAG File Processing Stats

File Path                                  PID  Runtime      # DAGs    # Errors  Last Runtime    Last Run
---------------------------------------  -----  ---------  --------  ----------  --------------  -------------------
/opt/airflow/dags/model_training_dag.py    214  0.01s             0           1  0.04s           2025-05-16T06:07:16
================================================================================
[2025-05-16T06:08:14.697+0000] {manager.py:759} INFO - Searching for files in /opt/airflow/dags
[2025-05-16T06:08:14.701+0000] {manager.py:762} INFO - There are 1 files in /opt/airflow/dags
[2025-05-16T06:08:16.740+0000] {manager.py:893} INFO - 
================================================================================
DAG File Processing Stats

File Path                                  PID  Runtime      # DAGs    # Errors  Last Runtime    Last Run
---------------------------------------  -----  ---------  --------  ----------  --------------  -------------------
/opt/airflow/dags/model_training_dag.py    219  0.01s             0           1  0.05s           2025-05-16T06:07:46
================================================================================
[2025-05-16T06:08:47.087+0000] {manager.py:893} INFO - 
================================================================================
DAG File Processing Stats

File Path                                PID    Runtime      # DAGs    # Errors  Last Runtime    Last Run
---------------------------------------  -----  ---------  --------  ----------  --------------  -------------------
/opt/airflow/dags/model_training_dag.py                           0           1  0.05s           2025-05-16T06:08:19
================================================================================
[2025-05-16T06:09:17.511+0000] {manager.py:893} INFO - 
================================================================================
DAG File Processing Stats

File Path                                PID    Runtime      # DAGs    # Errors  Last Runtime    Last Run
---------------------------------------  -----  ---------  --------  ----------  --------------  -------------------
/opt/airflow/dags/model_training_dag.py                           0           1  0.05s           2025-05-16T06:08:50
================================================================================
[2025-05-16T06:09:47.830+0000] {manager.py:893} INFO - 
================================================================================
DAG File Processing Stats

File Path                                PID    Runtime      # DAGs    # Errors  Last Runtime    Last Run
---------------------------------------  -----  ---------  --------  ----------  --------------  -------------------
/opt/airflow/dags/model_training_dag.py                           0           1  0.05s           2025-05-16T06:09:20
================================================================================
